CRITICAL - 2023-09-05 02:05:16 --> Invalid file: "about.php"
in SYSTEMPATH\Exceptions\FrameworkException.php on line 39.
 1 SYSTEMPATH\View\View.php(214): CodeIgniter\Exceptions\FrameworkException::forInvalidFile('about.php')
 2 SYSTEMPATH\Common.php(1178): CodeIgniter\View\View->render('about', [], true)
 3 APPPATH\Controllers\Pages.php(14): view('about')
 4 SYSTEMPATH\CodeIgniter.php(915): App\Controllers\Pages->about()
 5 SYSTEMPATH\CodeIgniter.php(492): CodeIgniter\CodeIgniter->runController(Object(App\Controllers\Pages))
 6 SYSTEMPATH\CodeIgniter.php(353): CodeIgniter\CodeIgniter->handleRequest(null, Object(Config\Cache), false)
 7 FCPATH\index.php(79): CodeIgniter\CodeIgniter->run()
 8 SYSTEMPATH\Commands\Server\rewrite.php(47): require_once('D:\\xampp\\htdocs\\project-codeigniter-4\\public\\index.php')
CRITICAL - 2023-09-05 02:55:04 --> Undefined variable $title
in APPPATH\Views\layout\header.php on line 7.
 1 APPPATH\Views\layout\header.php(7): CodeIgniter\Debug\Exceptions->errorHandler(2, 'Undefined variable $title', 'D:\\xampp\\htdocs\\project-codeigniter-4\\app\\Views\\layout\\header.php', 7)
 2 SYSTEMPATH\View\View.php(226): include('D:\\xampp\\htdocs\\project-codeigniter-4\\app\\Views\\layout\\header.php')
 3 SYSTEMPATH\View\View.php(229): CodeIgniter\View\View->CodeIgniter\View\{closure}()
 4 SYSTEMPATH\Common.php(1178): CodeIgniter\View\View->render('layout/header', [], true)
 5 APPPATH\Controllers\Pages.php(19): view('layout/header')
 6 SYSTEMPATH\CodeIgniter.php(915): App\Controllers\Pages->about()
 7 SYSTEMPATH\CodeIgniter.php(492): CodeIgniter\CodeIgniter->runController(Object(App\Controllers\Pages))
 8 SYSTEMPATH\CodeIgniter.php(353): CodeIgniter\CodeIgniter->handleRequest(null, Object(Config\Cache), false)
 9 FCPATH\index.php(79): CodeIgniter\CodeIgniter->run()
10 SYSTEMPATH\Commands\Server\rewrite.php(47): require_once('D:\\xampp\\htdocs\\project-codeigniter-4\\public\\index.php')
CRITICAL - 2023-09-05 03:40:15 --> Invalid file: "pages/contact.php"
in SYSTEMPATH\Exceptions\FrameworkException.php on line 39.
 1 SYSTEMPATH\View\View.php(214): CodeIgniter\Exceptions\FrameworkException::forInvalidFile('pages/contact.php')
 2 SYSTEMPATH\Common.php(1178): CodeIgniter\View\View->render('pages/contact', [], true)
 3 APPPATH\Controllers\Pages.php(28): view('pages/contact')
 4 SYSTEMPATH\CodeIgniter.php(915): App\Controllers\Pages->contact()
 5 SYSTEMPATH\CodeIgniter.php(492): CodeIgniter\CodeIgniter->runController(Object(App\Controllers\Pages))
 6 SYSTEMPATH\CodeIgniter.php(353): CodeIgniter\CodeIgniter->handleRequest(null, Object(Config\Cache), false)
 7 FCPATH\index.php(79): CodeIgniter\CodeIgniter->run()
 8 SYSTEMPATH\Commands\Server\rewrite.php(47): require_once('D:\\xampp\\htdocs\\project-codeigniter-4\\public\\index.php')
CRITICAL - 2023-09-05 07:54:46 --> Undefined variable $k
in APPPATH\Views\Comics\index.php on line 21.
 1 APPPATH\Views\Comics\index.php(21): CodeIgniter\Debug\Exceptions->errorHandler(2, 'Undefined variable $k', 'D:\\xampp\\htdocs\\project-codeigniter-4\\app\\Views\\Comics\\index.php', 21)
 2 SYSTEMPATH\View\View.php(226): include('D:\\xampp\\htdocs\\project-codeigniter-4\\app\\Views\\Comics\\index.php')
 3 SYSTEMPATH\View\View.php(229): CodeIgniter\View\View->CodeIgniter\View\{closure}()
 4 SYSTEMPATH\Common.php(1178): CodeIgniter\View\View->render('Comics/index', [], true)
 5 APPPATH\Controllers\Comics.php(38): view('Comics/index', [...])
 6 SYSTEMPATH\CodeIgniter.php(915): App\Controllers\Comics->index()
 7 SYSTEMPATH\CodeIgniter.php(492): CodeIgniter\CodeIgniter->runController(Object(App\Controllers\Comics))
 8 SYSTEMPATH\CodeIgniter.php(353): CodeIgniter\CodeIgniter->handleRequest(null, Object(Config\Cache), false)
 9 FCPATH\index.php(79): CodeIgniter\CodeIgniter->run()
10 SYSTEMPATH\Commands\Server\rewrite.php(47): require_once('D:\\xampp\\htdocs\\project-codeigniter-4\\public\\index.php')
CRITICAL - 2023-09-05 07:56:53 --> Undefined variable $k
in APPPATH\Views\Comics\index.php on line 21.
 1 APPPATH\Views\Comics\index.php(21): CodeIgniter\Debug\Exceptions->errorHandler(2, 'Undefined variable $k', 'D:\\xampp\\htdocs\\project-codeigniter-4\\app\\Views\\Comics\\index.php', 21)
 2 SYSTEMPATH\View\View.php(226): include('D:\\xampp\\htdocs\\project-codeigniter-4\\app\\Views\\Comics\\index.php')
 3 SYSTEMPATH\View\View.php(229): CodeIgniter\View\View->CodeIgniter\View\{closure}()
 4 SYSTEMPATH\Common.php(1178): CodeIgniter\View\View->render('Comics/index', [], true)
 5 APPPATH\Controllers\Comics.php(38): view('Comics/index', [...])
 6 SYSTEMPATH\CodeIgniter.php(915): App\Controllers\Comics->index()
 7 SYSTEMPATH\CodeIgniter.php(492): CodeIgniter\CodeIgniter->runController(Object(App\Controllers\Comics))
 8 SYSTEMPATH\CodeIgniter.php(353): CodeIgniter\CodeIgniter->handleRequest(null, Object(Config\Cache), false)
 9 FCPATH\index.php(79): CodeIgniter\CodeIgniter->run()
10 SYSTEMPATH\Commands\Server\rewrite.php(47): require_once('D:\\xampp\\htdocs\\project-codeigniter-4\\public\\index.php')
CRITICAL - 2023-09-05 07:57:02 --> Undefined variable $k
in APPPATH\Views\Comics\index.php on line 21.
 1 APPPATH\Views\Comics\index.php(21): CodeIgniter\Debug\Exceptions->errorHandler(2, 'Undefined variable $k', 'D:\\xampp\\htdocs\\project-codeigniter-4\\app\\Views\\Comics\\index.php', 21)
 2 SYSTEMPATH\View\View.php(226): include('D:\\xampp\\htdocs\\project-codeigniter-4\\app\\Views\\Comics\\index.php')
 3 SYSTEMPATH\View\View.php(229): CodeIgniter\View\View->CodeIgniter\View\{closure}()
 4 SYSTEMPATH\Common.php(1178): CodeIgniter\View\View->render('Comics/index', [], true)
 5 APPPATH\Controllers\Comics.php(38): view('Comics/index', [...])
 6 SYSTEMPATH\CodeIgniter.php(915): App\Controllers\Comics->index()
 7 SYSTEMPATH\CodeIgniter.php(492): CodeIgniter\CodeIgniter->runController(Object(App\Controllers\Comics))
 8 SYSTEMPATH\CodeIgniter.php(353): CodeIgniter\CodeIgniter->handleRequest(null, Object(Config\Cache), false)
 9 FCPATH\index.php(79): CodeIgniter\CodeIgniter->run()
10 SYSTEMPATH\Commands\Server\rewrite.php(47): require_once('D:\\xampp\\htdocs\\project-codeigniter-4\\public\\index.php')
CRITICAL - 2023-09-05 08:19:51 --> Undefined variable $k
in APPPATH\Views\Comics\index.php on line 25.
 1 APPPATH\Views\Comics\index.php(25): CodeIgniter\Debug\Exceptions->errorHandler(2, 'Undefined variable $k', 'D:\\xampp\\htdocs\\project-codeigniter-4\\app\\Views\\Comics\\index.php', 25)
 2 SYSTEMPATH\View\View.php(226): include('D:\\xampp\\htdocs\\project-codeigniter-4\\app\\Views\\Comics\\index.php')
 3 SYSTEMPATH\View\View.php(229): CodeIgniter\View\View->CodeIgniter\View\{closure}()
 4 SYSTEMPATH\Common.php(1178): CodeIgniter\View\View->render('Comics/index', [], true)
 5 APPPATH\Controllers\Comics.php(39): view('Comics/index', [...])
 6 SYSTEMPATH\CodeIgniter.php(915): App\Controllers\Comics->index()
 7 SYSTEMPATH\CodeIgniter.php(492): CodeIgniter\CodeIgniter->runController(Object(App\Controllers\Comics))
 8 SYSTEMPATH\CodeIgniter.php(353): CodeIgniter\CodeIgniter->handleRequest(null, Object(Config\Cache), false)
 9 FCPATH\index.php(79): CodeIgniter\CodeIgniter->run()
10 SYSTEMPATH\Commands\Server\rewrite.php(47): require_once('D:\\xampp\\htdocs\\project-codeigniter-4\\public\\index.php')
CRITICAL - 2023-09-05 08:26:37 --> syntax error, unexpected token "=>", expecting ")"
in APPPATH\Controllers\Comics.php on line 44.
 1 SYSTEMPATH\Autoloader\Autoloader.php(285): CodeIgniter\Autoloader\Autoloader->includeFile('D:\\xampp\\htdocs\\project-codeigniter-4\\app\\Controllers\\Comics.php')
 2 SYSTEMPATH\Autoloader\Autoloader.php(263): CodeIgniter\Autoloader\Autoloader->loadInNamespace('App\\Controllers\\Comics')
 3 [internal function]: CodeIgniter\Autoloader\Autoloader->loadClass('App\\Controllers\\Comics')
 4 SYSTEMPATH\CodeIgniter.php(873): class_exists('\\App\\Controllers\\Comics', true)
 5 SYSTEMPATH\CodeIgniter.php(479): CodeIgniter\CodeIgniter->startController()
 6 SYSTEMPATH\CodeIgniter.php(353): CodeIgniter\CodeIgniter->handleRequest(null, Object(Config\Cache), false)
 7 FCPATH\index.php(79): CodeIgniter\CodeIgniter->run()
 8 SYSTEMPATH\Commands\Server\rewrite.php(47): require_once('D:\\xampp\\htdocs\\project-codeigniter-4\\public\\index.php')
CRITICAL - 2023-09-05 08:55:04 --> Invalid file: "Pages.php"
in SYSTEMPATH\Exceptions\FrameworkException.php on line 39.
 1 SYSTEMPATH\View\View.php(214): CodeIgniter\Exceptions\FrameworkException::forInvalidFile('Pages.php')
 2 SYSTEMPATH\Common.php(1178): CodeIgniter\View\View->render('Pages', [], true)
 3 APPPATH\Controllers\Pages.php(12): view('Pages', [...])
 4 SYSTEMPATH\CodeIgniter.php(915): App\Controllers\Pages->index()
 5 SYSTEMPATH\CodeIgniter.php(492): CodeIgniter\CodeIgniter->runController(Object(App\Controllers\Pages))
 6 SYSTEMPATH\CodeIgniter.php(353): CodeIgniter\CodeIgniter->handleRequest(null, Object(Config\Cache), false)
 7 FCPATH\index.php(79): CodeIgniter\CodeIgniter->run()
 8 SYSTEMPATH\Commands\Server\rewrite.php(47): require_once('D:\\xampp\\htdocs\\project-codeigniter-4\\public\\index.php')
CRITICAL - 2023-09-05 08:57:29 --> Invalid file: ".php"
in SYSTEMPATH\Exceptions\FrameworkException.php on line 39.
 1 SYSTEMPATH\View\View.php(214): CodeIgniter\Exceptions\FrameworkException::forInvalidFile('.php')
 2 SYSTEMPATH\Common.php(1178): CodeIgniter\View\View->render('', [], true)
 3 APPPATH\Controllers\Comics.php(40): view('', [...])
 4 SYSTEMPATH\CodeIgniter.php(915): App\Controllers\Comics->index()
 5 SYSTEMPATH\CodeIgniter.php(492): CodeIgniter\CodeIgniter->runController(Object(App\Controllers\Comics))
 6 SYSTEMPATH\CodeIgniter.php(353): CodeIgniter\CodeIgniter->handleRequest(null, Object(Config\Cache), false)
 7 FCPATH\index.php(79): CodeIgniter\CodeIgniter->run()
 8 SYSTEMPATH\Commands\Server\rewrite.php(47): require_once('D:\\xampp\\htdocs\\project-codeigniter-4\\public\\index.php')
CRITICAL - 2023-09-05 08:57:35 --> Invalid file: "index.php"
in SYSTEMPATH\Exceptions\FrameworkException.php on line 39.
 1 SYSTEMPATH\View\View.php(214): CodeIgniter\Exceptions\FrameworkException::forInvalidFile('index.php')
 2 SYSTEMPATH\Common.php(1178): CodeIgniter\View\View->render('index', [], true)
 3 APPPATH\Controllers\Comics.php(40): view('index', [...])
 4 SYSTEMPATH\CodeIgniter.php(915): App\Controllers\Comics->index()
 5 SYSTEMPATH\CodeIgniter.php(492): CodeIgniter\CodeIgniter->runController(Object(App\Controllers\Comics))
 6 SYSTEMPATH\CodeIgniter.php(353): CodeIgniter\CodeIgniter->handleRequest(null, Object(Config\Cache), false)
 7 FCPATH\index.php(79): CodeIgniter\CodeIgniter->run()
 8 SYSTEMPATH\Commands\Server\rewrite.php(47): require_once('D:\\xampp\\htdocs\\project-codeigniter-4\\public\\index.php')
