CRITICAL - 2023-09-06 03:00:28 --> Trying to access array offset on value of type null
in APPPATH\Views\Comics\detail.php on line 11.
 1 APPPATH\Views\Comics\detail.php(11): CodeIgniter\Debug\Exceptions->errorHandler(2, 'Trying to access array offset on value of type null', 'D:\\xampp\\htdocs\\project-codeigniter-4\\app\\Views\\Comics\\detail.php', 11)
 2 SYSTEMPATH\View\View.php(226): include('D:\\xampp\\htdocs\\project-codeigniter-4\\app\\Views\\Comics\\detail.php')
 3 SYSTEMPATH\View\View.php(229): CodeIgniter\View\View->CodeIgniter\View\{closure}()
 4 SYSTEMPATH\Common.php(1178): CodeIgniter\View\View->render('Comics/detail', [], true)
 5 APPPATH\Controllers\Comics.php(49): view('Comics/detail', [...])
 6 SYSTEMPATH\CodeIgniter.php(915): App\Controllers\Comics->detail('berserk')
 7 SYSTEMPATH\CodeIgniter.php(492): CodeIgniter\CodeIgniter->runController(Object(App\Controllers\Comics))
 8 SYSTEMPATH\CodeIgniter.php(353): CodeIgniter\CodeIgniter->handleRequest(null, Object(Config\Cache), false)
 9 FCPATH\index.php(79): CodeIgniter\CodeIgniter->run()
CRITICAL - 2023-09-06 03:53:03 --> Trying to access array offset on value of type null
in APPPATH\Views\Comics\detail.php on line 11.
 1 APPPATH\Views\Comics\detail.php(11): CodeIgniter\Debug\Exceptions->errorHandler(2, 'Trying to access array offset on value of type null', 'D:\\xampp\\htdocs\\project-codeigniter-4\\app\\Views\\Comics\\detail.php', 11)
 2 SYSTEMPATH\View\View.php(226): include('D:\\xampp\\htdocs\\project-codeigniter-4\\app\\Views\\Comics\\detail.php')
 3 SYSTEMPATH\View\View.php(229): CodeIgniter\View\View->CodeIgniter\View\{closure}()
 4 SYSTEMPATH\Common.php(1178): CodeIgniter\View\View->render('Comics/detail', [], true)
 5 APPPATH\Controllers\Comics.php(49): view('Comics/detail', [...])
 6 SYSTEMPATH\CodeIgniter.php(915): App\Controllers\Comics->detail('create')
 7 SYSTEMPATH\CodeIgniter.php(492): CodeIgniter\CodeIgniter->runController(Object(App\Controllers\Comics))
 8 SYSTEMPATH\CodeIgniter.php(353): CodeIgniter\CodeIgniter->handleRequest(null, Object(Config\Cache), false)
 9 FCPATH\index.php(79): CodeIgniter\CodeIgniter->run()
10 SYSTEMPATH\Commands\Server\rewrite.php(47): require_once('D:\\xampp\\htdocs\\project-codeigniter-4\\public\\index.php')
CRITICAL - 2023-09-06 03:53:50 --> Trying to access array offset on value of type null
in APPPATH\Views\Comics\detail.php on line 11.
 1 APPPATH\Views\Comics\detail.php(11): CodeIgniter\Debug\Exceptions->errorHandler(2, 'Trying to access array offset on value of type null', 'D:\\xampp\\htdocs\\project-codeigniter-4\\app\\Views\\Comics\\detail.php', 11)
 2 SYSTEMPATH\View\View.php(226): include('D:\\xampp\\htdocs\\project-codeigniter-4\\app\\Views\\Comics\\detail.php')
 3 SYSTEMPATH\View\View.php(229): CodeIgniter\View\View->CodeIgniter\View\{closure}()
 4 SYSTEMPATH\Common.php(1178): CodeIgniter\View\View->render('Comics/detail', [], true)
 5 APPPATH\Controllers\Comics.php(49): view('Comics/detail', [...])
 6 SYSTEMPATH\CodeIgniter.php(915): App\Controllers\Comics->detail('create')
 7 SYSTEMPATH\CodeIgniter.php(492): CodeIgniter\CodeIgniter->runController(Object(App\Controllers\Comics))
 8 SYSTEMPATH\CodeIgniter.php(353): CodeIgniter\CodeIgniter->handleRequest(null, Object(Config\Cache), false)
 9 FCPATH\index.php(79): CodeIgniter\CodeIgniter->run()
10 SYSTEMPATH\Commands\Server\rewrite.php(47): require_once('D:\\xampp\\htdocs\\project-codeigniter-4\\public\\index.php')
CRITICAL - 2023-09-06 04:03:03 --> Trying to access array offset on value of type null
in APPPATH\Views\Comics\detail.php on line 11.
 1 APPPATH\Views\Comics\detail.php(11): CodeIgniter\Debug\Exceptions->errorHandler(2, 'Trying to access array offset on value of type null', 'D:\\xampp\\htdocs\\project-codeigniter-4\\app\\Views\\Comics\\detail.php', 11)
 2 SYSTEMPATH\View\View.php(226): include('D:\\xampp\\htdocs\\project-codeigniter-4\\app\\Views\\Comics\\detail.php')
 3 SYSTEMPATH\View\View.php(229): CodeIgniter\View\View->CodeIgniter\View\{closure}()
 4 SYSTEMPATH\Common.php(1178): CodeIgniter\View\View->render('Comics/detail', [], true)
 5 APPPATH\Controllers\Comics.php(49): view('Comics/detail', [...])
 6 SYSTEMPATH\CodeIgniter.php(915): App\Controllers\Comics->detail('create')
 7 SYSTEMPATH\CodeIgniter.php(492): CodeIgniter\CodeIgniter->runController(Object(App\Controllers\Comics))
 8 SYSTEMPATH\CodeIgniter.php(353): CodeIgniter\CodeIgniter->handleRequest(null, Object(Config\Cache), false)
 9 FCPATH\index.php(79): CodeIgniter\CodeIgniter->run()
10 SYSTEMPATH\Commands\Server\rewrite.php(47): require_once('D:\\xampp\\htdocs\\project-codeigniter-4\\public\\index.php')
CRITICAL - 2023-09-06 07:23:53 --> syntax error, unexpected token ";", expecting ")"
in APPPATH\Controllers\Comics.php on line 63.
 1 SYSTEMPATH\Autoloader\Autoloader.php(285): CodeIgniter\Autoloader\Autoloader->includeFile('D:\\xampp\\htdocs\\project-codeigniter-4\\app\\Controllers\\Comics.php')
 2 SYSTEMPATH\Autoloader\Autoloader.php(263): CodeIgniter\Autoloader\Autoloader->loadInNamespace('App\\Controllers\\Comics')
 3 [internal function]: CodeIgniter\Autoloader\Autoloader->loadClass('App\\Controllers\\Comics')
 4 SYSTEMPATH\CodeIgniter.php(873): class_exists('\\App\\Controllers\\Comics', true)
 5 SYSTEMPATH\CodeIgniter.php(479): CodeIgniter\CodeIgniter->startController()
 6 SYSTEMPATH\CodeIgniter.php(353): CodeIgniter\CodeIgniter->handleRequest(null, Object(Config\Cache), false)
 7 FCPATH\index.php(79): CodeIgniter\CodeIgniter->run()
 8 SYSTEMPATH\Commands\Server\rewrite.php(47): require_once('D:\\xampp\\htdocs\\project-codeigniter-4\\public\\index.php')
CRITICAL - 2023-09-06 07:42:56 --> Cannot use iterable as iterable because 'iterable' is a special class name
in APPPATH\Controllers\Comics.php on line 6.
 1 [internal function]: CodeIgniter\Debug\Exceptions->shutdownHandler()
CRITICAL - 2023-09-06 07:43:37 --> Class "Codeigniter\Exceptions\PageNotFoundException" not found
in APPPATH\Controllers\Comics.php on line 52.
 1 SYSTEMPATH\CodeIgniter.php(915): App\Controllers\Comics->detail('save')
 2 SYSTEMPATH\CodeIgniter.php(492): CodeIgniter\CodeIgniter->runController(Object(App\Controllers\Comics))
 3 SYSTEMPATH\CodeIgniter.php(353): CodeIgniter\CodeIgniter->handleRequest(null, Object(Config\Cache), false)
 4 FCPATH\index.php(79): CodeIgniter\CodeIgniter->run()
 5 SYSTEMPATH\Commands\Server\rewrite.php(47): require_once('D:\\xampp\\htdocs\\project-codeigniter-4\\public\\index.php')
CRITICAL - 2023-09-06 07:44:27 --> Class "Codeigniter\Exceptions\PageNotFoundException" not found
in APPPATH\Controllers\Comics.php on line 52.
 1 SYSTEMPATH\CodeIgniter.php(915): App\Controllers\Comics->detail('save')
 2 SYSTEMPATH\CodeIgniter.php(492): CodeIgniter\CodeIgniter->runController(Object(App\Controllers\Comics))
 3 SYSTEMPATH\CodeIgniter.php(353): CodeIgniter\CodeIgniter->handleRequest(null, Object(Config\Cache), false)
 4 FCPATH\index.php(79): CodeIgniter\CodeIgniter->run()
 5 SYSTEMPATH\Commands\Server\rewrite.php(47): require_once('D:\\xampp\\htdocs\\project-codeigniter-4\\public\\index.php')
CRITICAL - 2023-09-06 07:46:56 --> Class "Codeigniter\Exceptions\PageNotFoundException" not found
in APPPATH\Controllers\Comics.php on line 52.
 1 SYSTEMPATH\CodeIgniter.php(915): App\Controllers\Comics->detail('save')
 2 SYSTEMPATH\CodeIgniter.php(492): CodeIgniter\CodeIgniter->runController(Object(App\Controllers\Comics))
 3 SYSTEMPATH\CodeIgniter.php(353): CodeIgniter\CodeIgniter->handleRequest(null, Object(Config\Cache), false)
 4 FCPATH\index.php(79): CodeIgniter\CodeIgniter->run()
 5 SYSTEMPATH\Commands\Server\rewrite.php(47): require_once('D:\\xampp\\htdocs\\project-codeigniter-4\\public\\index.php')
INFO - 2023-09-06 09:40:49 --> Session: Class initialized using 'CodeIgniter\Session\Handlers\FileHandler' driver.
INFO - 2023-09-06 09:40:49 --> Session: Class initialized using 'CodeIgniter\Session\Handlers\FileHandler' driver.
INFO - 2023-09-06 09:43:08 --> Session: Class initialized using 'CodeIgniter\Session\Handlers\FileHandler' driver.
INFO - 2023-09-06 09:44:14 --> Session: Class initialized using 'CodeIgniter\Session\Handlers\FileHandler' driver.
INFO - 2023-09-06 09:44:14 --> Session: Class initialized using 'CodeIgniter\Session\Handlers\FileHandler' driver.
